gEDA/gschem version 1.8.1.20121123
gEDA/gschem comes with ABSOLUTELY NO WARRANTY; see COPYING for more details.
This is free software, and you are welcome to redistribute it under certain
conditions; please see the COPYING file for more details.

Read init scm file [/usr/share/gEDA/scheme/gschem.scm]
Parsed config from [/usr/share/gEDA/system-gafrc]
Library name [Misc. unsorted symbols] already in use.  Using [Misc. unsorted symbols<1>].
Library name [Relays (misc)] already in use.  Using [Relays (misc)<1>].
Library name [Optocouplers (misc)] already in use.  Using [Optocouplers (misc)<1>].
Library name [Microprocessor supervisors (misc)] already in use.  Using [Microprocessor supervisors (misc)<1>].
Library name [Programmable logic arrays (misc)] already in use.  Using [Programmable logic arrays (misc)<1>].
Library name [RF elements (misc)] already in use.  Using [RF elements (misc)<1>].
Library name [Vacuum tubes (misc)] already in use.  Using [Vacuum tubes (misc)<1>].
Library name [Transistors (misc)] already in use.  Using [Transistors (misc)<1>].
Library name [Microcontrollers (misc)] already in use.  Using [Microcontrollers (misc)<1>].
Library name [Memory devices (misc)] already in use.  Using [Memory devices (misc)<1>].
Library name [PC104 bus] already in use.  Using [PC104 bus<1>].
Library name [Xilinx] already in use.  Using [Xilinx<1>].
Library name [ST Microelectronics] already in use.  Using [ST Microelectronics<1>].
Library name [Philips Electronics] already in use.  Using [Philips Electronics<1>].
Library name [National Semiconductor] already in use.  Using [National Semiconductor<1>].
Library name [Mini-Circuits] already in use.  Using [Mini-Circuits<1>].
Library name [Maxim/Dallas] already in use.  Using [Maxim/Dallas<1>].
Library name [Linear Technology] already in use.  Using [Linear Technology<1>].
Library name [Lattice Semiconductor] already in use.  Using [Lattice Semiconductor<1>].
Library name [International Rectifier] already in use.  Using [International Rectifier<1>].
Library name [IDT] already in use.  Using [IDT<1>].
Library name [DEC] already in use.  Using [DEC<1>].
Library name [Apex Microtechnology] already in use.  Using [Apex Microtechnology<1>].
Library name [Connectors (Amphenol)] already in use.  Using [Connectors (Amphenol)<1>].
Library name [Altera] already in use.  Using [Altera<1>].
Library name [Allegro Microsystems] already in use.  Using [Allegro Microsystems<1>].
Library name [Contact pads (ASIC)] already in use.  Using [Contact pads (ASIC)<1>].
Library name [Basic devices (ASIC)] already in use.  Using [Basic devices (ASIC)<1>].
Library name [SWITCAP simulation elements] already in use.  Using [SWITCAP simulation elements<1>].
Library name [SPICE simulation elements] already in use.  Using [SPICE simulation elements<1>].
Library name [Cascade simulation elements] already in use.  Using [Cascade simulation elements<1>].
Library name [ECL logic] already in use.  Using [ECL logic<1>].
Library name [4000-series logic] already in use.  Using [4000-series logic<1>].
Library name [74-series logic] already in use.  Using [74-series logic<1>].
Library name [IEC 60417] already in use.  Using [IEC 60417<1>].
Library name [Titleblocks (generic)] already in use.  Using [Titleblocks (generic)<1>].
Library name [Switches (generic)] already in use.  Using [Switches (generic)<1>].
Library name [Radio elements (generic)] already in use.  Using [Radio elements (generic)<1>].
Library name [Power rails] already in use.  Using [Power rails<1>].
Library name [Input/output (generic)] already in use.  Using [Input/output (generic)<1>].
Library name [Diodes (generic)] already in use.  Using [Diodes (generic)<1>].
Library name [Connectors (generic)] already in use.  Using [Connectors (generic)<1>].
Library name [Basic devices] already in use.  Using [Basic devices<1>].
Library name [local] already in use.  Using [local<1>].

Backtrace:
In /home/caio/.gEDA/gafrc:
 127:  0* [component-library-search "/home/caio/pcb_projects/sym"]
In unknown file:
   ?:  1  (let-optional* lambda*:G45 (prefix) ...)
In /usr/share/gEDA/scheme/geda.scm:
    ...
  58:  2  (let* ((dht #)) (ftw rootdir (lambda # # ...)) ...)
  60:  3* [ftw "/home/caio/pcb_projects/sym" #<procedure #f #>]
In /usr/share/guile/1.8/ice-9/ftw.scm:
 297:  4  (let* ((visited? #) (stat&flag #)) (letrec (#) (catch # # #)))
    ...
 314:  5  [catch ftw-early-exit #<procedure #f ()> #<procedure #f (key val)>]
In unknown file:
   ?:  6* [#<procedure #f ()>]
In /usr/share/guile/1.8/ice-9/ftw.scm:
 315:  7* [go "/home/caio/pcb_projects/sym"]
 302:  8  [call-with-values #<procedure #f ()> #<procedure #f (s flag)>]
    ...
 305:  9  (let* ((ret #)) (or (eq? #t ret) (throw # ret)) ...)
 305: 10* [#<procedure #f #> "/home/caio/pcb_projects/sym" #f invalid-stat]
In /usr/share/gEDA/scheme/geda.scm:
  62: 11* (cond (# #) (# #) (else #))
  64: 12  [error "Invalid path ~S." "/home/caio/pcb_projects/sym"]
In unknown file:
    ...
   ?: 13  [scm-error misc-error #f ...]

<unnamed port>: In procedure scm-error in expression (scm-error (quote misc-error) #f ...):
<unnamed port>: Invalid path ~S. "/home/caio/pcb_projects/sym"
ERROR: Unable to parse config from [/home/caio/.gEDA/gafrc]: Invalid path ~S. "/home/caio/pcb_projects/sym"

Library name [Misc. unsorted symbols] already in use.  Using [Misc. unsorted symbols<2>].
Library name [Relays (misc)] already in use.  Using [Relays (misc)<2>].
Library name [Optocouplers (misc)] already in use.  Using [Optocouplers (misc)<2>].
Library name [Microprocessor supervisors (misc)] already in use.  Using [Microprocessor supervisors (misc)<2>].
Library name [Programmable logic arrays (misc)] already in use.  Using [Programmable logic arrays (misc)<2>].
Library name [RF elements (misc)] already in use.  Using [RF elements (misc)<2>].
Library name [Vacuum tubes (misc)] already in use.  Using [Vacuum tubes (misc)<2>].
Library name [Transistors (misc)] already in use.  Using [Transistors (misc)<2>].
Library name [Microcontrollers (misc)] already in use.  Using [Microcontrollers (misc)<2>].
Library name [Memory devices (misc)] already in use.  Using [Memory devices (misc)<2>].
Library name [PC104 bus] already in use.  Using [PC104 bus<2>].
Library name [Xilinx] already in use.  Using [Xilinx<2>].
Library name [ST Microelectronics] already in use.  Using [ST Microelectronics<2>].
Library name [Philips Electronics] already in use.  Using [Philips Electronics<2>].
Library name [National Semiconductor] already in use.  Using [National Semiconductor<2>].
Library name [Mini-Circuits] already in use.  Using [Mini-Circuits<2>].
Library name [Maxim/Dallas] already in use.  Using [Maxim/Dallas<2>].
Library name [Linear Technology] already in use.  Using [Linear Technology<2>].
Library name [Lattice Semiconductor] already in use.  Using [Lattice Semiconductor<2>].
Library name [International Rectifier] already in use.  Using [International Rectifier<2>].
Library name [IDT] already in use.  Using [IDT<2>].
Library name [DEC] already in use.  Using [DEC<2>].
Library name [Apex Microtechnology] already in use.  Using [Apex Microtechnology<2>].
Library name [Connectors (Amphenol)] already in use.  Using [Connectors (Amphenol)<2>].
Library name [Altera] already in use.  Using [Altera<2>].
Library name [Allegro Microsystems] already in use.  Using [Allegro Microsystems<2>].
Library name [Contact pads (ASIC)] already in use.  Using [Contact pads (ASIC)<2>].
Library name [Basic devices (ASIC)] already in use.  Using [Basic devices (ASIC)<2>].
Library name [SWITCAP simulation elements] already in use.  Using [SWITCAP simulation elements<2>].
Library name [SPICE simulation elements] already in use.  Using [SPICE simulation elements<2>].
Library name [Cascade simulation elements] already in use.  Using [Cascade simulation elements<2>].
Library name [ECL logic] already in use.  Using [ECL logic<2>].
Library name [4000-series logic] already in use.  Using [4000-series logic<2>].
Library name [74-series logic] already in use.  Using [74-series logic<2>].
Library name [IEC 60417] already in use.  Using [IEC 60417<2>].
Library name [Titleblocks (generic)] already in use.  Using [Titleblocks (generic)<2>].
Library name [Switches (generic)] already in use.  Using [Switches (generic)<2>].
Library name [Radio elements (generic)] already in use.  Using [Radio elements (generic)<2>].
Library name [Power rails] already in use.  Using [Power rails<2>].
Library name [Input/output (generic)] already in use.  Using [Input/output (generic)<2>].
Library name [Diodes (generic)] already in use.  Using [Diodes (generic)<2>].
Library name [Connectors (generic)] already in use.  Using [Connectors (generic)<2>].
Library name [Basic devices] already in use.  Using [Basic devices<2>].
Library name [local] already in use.  Using [local<2>].

Backtrace:
In /home/caio/.gEDA/gafrc:
 127:  0* [component-library-search "/home/caio/pcb_projects/sym"]
In unknown file:
   ?:  1  (let-optional* lambda*:G47 (prefix) ...)
In /usr/share/gEDA/scheme/geda.scm:
    ...
  58:  2  (let* ((dht #)) (ftw rootdir (lambda # # ...)) ...)
  60:  3* [ftw "/home/caio/pcb_projects/sym" #<procedure #f #>]
In /usr/share/guile/1.8/ice-9/ftw.scm:
 297:  4  (let* ((visited? #) (stat&flag #)) (letrec (#) (catch # # #)))
    ...
 314:  5  [catch ftw-early-exit #<procedure #f ()> #<procedure #f (key val)>]
In unknown file:
   ?:  6* [#<procedure #f ()>]
In /usr/share/guile/1.8/ice-9/ftw.scm:
 315:  7* [go "/home/caio/pcb_projects/sym"]
 302:  8  [call-with-values #<procedure #f ()> #<procedure #f (s flag)>]
    ...
 305:  9  (let* ((ret #)) (or (eq? #t ret) (throw # ret)) ...)
 305: 10* [#<procedure #f #> "/home/caio/pcb_projects/sym" #f invalid-stat]
In /usr/share/gEDA/scheme/geda.scm:
  62: 11* (cond (# #) (# #) (else #))
  64: 12  [error "Invalid path ~S." "/home/caio/pcb_projects/sym"]
In unknown file:
    ...
   ?: 13  [scm-error misc-error #f ...]

<unnamed port>: In procedure scm-error in expression (scm-error (quote misc-error) #f ...):
<unnamed port>: Invalid path ~S. "/home/caio/pcb_projects/sym"
ERROR: Unable to parse config from [/home/caio/.gEDA/gafrc]: Invalid path ~S. "/home/caio/pcb_projects/sym"

Parsed config from [/usr/share/gEDA/system-gschemrc]
Parsed config from [/home/caio/.gEDA/gschemrc]
New file [/home/caio/.gEDA/untitled_1.sch]
More than one component found with name [title-B.sym]
